 
****************************************
Report : area
Design : JAM
Version: P-2019.03
Date   : Mon Aug  1 20:39:05 2022
****************************************

Library(s) Used:

    slow (File: /mnt3/CBDK_IC_Contest_v2.1/SynopsysDC/db/slow.db)

Number of ports:                           62
Number of nets:                           817
Number of cells:                          696
Number of combinational cells:            508
Number of sequential cells:                93
Number of macros/black boxes:               0
Number of buf/inv:                         99
Number of references:                      61

Combinational area:               4387.778985
Buf/Inv area:                      655.196397
Noncombinational area:            3515.315399
Macro/Black Box area:                0.000000
Net Interconnect area:           87220.439636

Total cell area:                  7903.094384
Total area:                      95123.534021
1
