ncverilog: 15.20-s039: (c) Copyright 1995-2017 Cadence Design Systems, Inc.
TOOL:	ncverilog	15.20-s039: Started on Aug 01, 2022 at 20:40:12 CST
ncverilog
	tb.sv
	JAM_syn.v
	-v
	tsmc13.v
	+define+P1+FSDB+SDF
	+ncmaxdelays
	+access+r
file: tb.sv
	module worklib.testfixture:sv
		errors: 0, warnings: 0
file: JAM_syn.v
	module worklib.JAM:v
		errors: 0, warnings: 0
file: tsmc13.v
	module tsmc13.AOI21X2:v
		errors: 0, warnings: 0
	module tsmc13.AOI31X1:v
		errors: 0, warnings: 0
	module tsmc13.NOR3XL:v
		errors: 0, warnings: 0
	module tsmc13.OR4X1:v
		errors: 0, warnings: 0
	module tsmc13.OAI2BB2X1:v
		errors: 0, warnings: 0
	module tsmc13.OA21X2:v
		errors: 0, warnings: 0
		Caching library 'tsmc13' ....... Done
		Caching library 'worklib' ....... Done
	Elaborating the design hierarchy:
  JAM_DW01_add_0 add_196 ( .A(CurCost), .B({1'b0, 1'b0, 1'b0, Cost}), .CI(1'b0), .SUM({N394, N393, N392, N391, N390, N389, N388, N387, N386, N385}) );
                       |
ncelab: *W,CUVWSP (./JAM_syn.v,115|23): 1 output port was not connected:
ncelab: (./JAM_syn.v,8): CO

  DFFNSRX1 \curmin_reg[2]  ( .D(n533), .CKN(CLK), .SN(n679), .RN(1'b1), .QN(
                         |
ncelab: *W,CUVWSP (./JAM_syn.v,134|25): 1 output port was not connected:
ncelab: (./tsmc13.v,19089): Q

  DFFNSRX1 \cost_cs_reg[0]  ( .D(cost_ns[0]), .CKN(CLK), .SN(1'b1), .RN(n681), 
                          |
ncelab: *W,CUVWSP (./JAM_syn.v,156|26): 1 output port was not connected:
ncelab: (./tsmc13.v,19089): Q

  DFFNSRX1 \perm_cs_reg[2]  ( .D(perm_ns[2]), .CKN(CLK), .SN(1'b1), .RN(n680), 
                          |
ncelab: *W,CUVWSP (./JAM_syn.v,215|26): 1 output port was not connected:
ncelab: (./tsmc13.v,19089): QN

  DFFNSRX1 \MinCost_reg[2]  ( .D(n547), .CKN(CLK), .SN(n677), .RN(1'b1), .QN(
                          |
ncelab: *W,CUVWSP (./JAM_syn.v,221|26): 1 output port was not connected:
ncelab: (./tsmc13.v,19089): Q

  DFFNSRX1 \MinCost_reg[6]  ( .D(n543), .CKN(CLK), .SN(n679), .RN(1'b1), .QN(
                          |
ncelab: *W,CUVWSP (./JAM_syn.v,223|26): 1 output port was not connected:
ncelab: (./tsmc13.v,19089): Q

  DFFNSRX1 \MinCost_reg[7]  ( .D(n542), .CKN(CLK), .SN(n679), .RN(1'b1), .QN(
                          |
ncelab: *W,CUVWSP (./JAM_syn.v,225|26): 1 output port was not connected:
ncelab: (./tsmc13.v,19089): Q

  DFFNSRX1 \MinCost_reg[9]  ( .D(n540), .CKN(CLK), .SN(n680), .RN(1'b1), .QN(
                          |
ncelab: *W,CUVWSP (./JAM_syn.v,227|26): 1 output port was not connected:
ncelab: (./tsmc13.v,19089): Q

  DFFNSRX1 \MatchCount_reg[1]  ( .D(n538), .CKN(CLK), .SN(1'b1), .RN(n682), 
                             |
ncelab: *W,CUVWSP (./JAM_syn.v,229|29): 1 output port was not connected:
ncelab: (./tsmc13.v,19089): Q

  DFFNSRX1 \MatchCount_reg[2]  ( .D(n537), .CKN(CLK), .SN(1'b1), .RN(n682), 
                             |
ncelab: *W,CUVWSP (./JAM_syn.v,231|29): 1 output port was not connected:
ncelab: (./tsmc13.v,19089): Q

  DFFNSRX1 \nextJob_reg[6][1]  ( .D(n510), .CKN(CLK), .SN(n796), .RN(1'b1), 
                             |
ncelab: *W,CUVWSP (./JAM_syn.v,261|29): 1 output port was not connected:
ncelab: (./tsmc13.v,19089): QN

  DFFNSRX1 \curmin_reg[0]  ( .D(n535), .CKN(CLK), .SN(n796), .RN(1'b1), .QN(
                         |
ncelab: *W,CUVWSP (./JAM_syn.v,267|25): 1 output port was not connected:
ncelab: (./tsmc13.v,19089): Q

  DFFNSRX1 \cost_cs_reg[1]  ( .D(cost_ns[1]), .CKN(CLK), .SN(1'b1), .RN(n796), 
                          |
ncelab: *W,CUVWSP (./JAM_syn.v,271|26): 1 output port was not connected:
ncelab: (./tsmc13.v,19089): QN

  DFFNSRX1 \MatchCount_reg[3]  ( .D(n536), .CKN(CLK), .SN(1'b1), .RN(n796), 
                             |
ncelab: *W,CUVWSP (./JAM_syn.v,279|29): 1 output port was not connected:
ncelab: (./tsmc13.v,19089): Q

ncelab: *W,DSEMEL: This SystemVerilog design will be simulated as per IEEE 1800-2009 SystemVerilog simulation semantics. Use -disable_sem2009 option for turning off SV 2009 simulation semantics.
	Reading SDF file from location "./JAM_syn.sdf"
	Compiled SDF file "JAM_syn.sdf.X" older than source SDF file "./JAM_syn.sdf".
	Recompiling.
	Writing compiled SDF file to "JAM_syn.sdf.X".
	Annotating SDF timing data:
		Compiled SDF file:     JAM_syn.sdf.X
		Log file:              
		Backannotation scope:  testfixture.u_JAM
		Configuration file:    
		MTM control:           
		Scale factors:         
		Scale type:            
	Annotation completed successfully...
	SDF statistics: No. of Pathdelays = 2207  Annotated = 100.00% -- No. of Tchecks = 930  Annotated = 70.00% 
				        Total 	   Annotated	  Percentage
		 Path Delays	        2207	        2207	      100.00
		       $hold	         186	           0	        0.00
		      $width	         372	         372	      100.00
		  $setuphold	         372	         279	       75.00
	Building instance overlay tables: .................... Done
	Generating native compiled code:
		tsmc13.DFFNSRX1:v <0x18aaf6bf>
			streams:   0, words:     0
		tsmc13.DFFNSRX1:v <0x77fee26e>
			streams:   0, words:     0
		tsmc13.DFFNSRX2:v <0x1bcf1818>
			streams:   0, words:     0
		tsmc13.DFFNSRX4:v <0x457ccb58>
			streams:   0, words:     0
		worklib.JAM:v <0x2f78c278>
			streams:   0, words:     0
		worklib.testfixture:sv <0x62a82e2f>
			streams:  12, words: 26204
	Building instance specific data structures.
	Loading native compiled code:     .................... Done
	Design hierarchy summary:
		                    Instances  Unique
		Modules:                  604      65
		UDPs:                      93       1
		Primitives:              1615       7
		Timing outputs:           700      19
		Registers:                119      30
		Scalar wires:             892       -
		Expanded wires:             7       1
		Vectored wires:             1       -
		Always blocks:              3       3
		Initial blocks:             8       8
		Cont. assignments:          1       1
		Pseudo assignments:         1       1
		Timing checks:           1302     117
		Interconnect:            1848       -
		Delayed tcheck signals:   188       1
		Simulation timescale:     1ps
	Writing initial simulation snapshot: worklib.testfixture:sv
Loading snapshot worklib.testfixture:sv .................... Done
ncsim: *W,DSEM2009: This SystemVerilog design is simulated as per IEEE 1800-2009 SystemVerilog simulation semantics. Use -disable_sem2009 option for turning off SV 2009 simulation semantics.
*Verdi* Loading libsscore_ius152.so
ncsim> source /usr/cad/cadence/INCISIV/cur/tools/inca/files/ncsimrc
ncsim> run
FSDB Dumper for IUS, Release Verdi_Q-2020.03, Linux, 02/09/2020
(C) 1996 - 2020 by Synopsys, Inc.
*Verdi* FSDB WARNING: The FSDB file already exists. Overwriting the FSDB file may crash the programs that are using this file.
*Verdi* : Create FSDB file 'JAM.fsdb'
*Verdi* : Begin traversing the scopes, layer (0).
*Verdi* : End of traversing.
*Verdi* : Begin traversing the MDAs, layer (0).
*Verdi* : Enable +mda and +packedmda dumping.
*Verdi* : End of traversing the MDAs.
*******************************
** Simulation Start          **
*******************************
PATTERN:   1
-------------- Cost Table --------------
Jobs       0   1   2   3   4   5   6   7
worker0:  11  25  53  41  59  32  25  59
worker1:   4  11  25  11  59  31  53  11
worker2:  11  59  15  11  15  15  53  53
worker3:   4  59  32  34  53  41  34  59
worker4:  15  32  41  34   4  59  34  32
worker5:  41  59  59   4   4  41  34  34
worker6:  53  31  25  41  59  32  31  53
worker7:  11  31  25  11  34  34  53  32
----------------------------------------------------------------------
Get Valid at cycle:    102194
receive MinCost/MatchCount=  119/ 3 , golden MinCost/MatchCount= 119/ 3
----------------------------------------------------------------------
*************************
**  FUNCTION  CORRECT  **
*************************

Simulation complete via $finish(1) at time 1021935 NS + 0
./tb.sv:180                 $finish;
ncsim> exit
TOOL:	ncverilog	15.20-s039: Exiting on Aug 01, 2022 at 20:40:31 CST  (total: 00:00:19)
