ncverilog: 15.20-s039: (c) Copyright 1995-2017 Cadence Design Systems, Inc.
TOOL:	ncverilog	15.20-s039: Started on Jul 29, 2022 at 11:07:31 CST
ncverilog
	tb.sv
	geofence.v
	+access+r
file: tb.sv
	module worklib.testfixture:sv
		errors: 0, warnings: 0
		Caching library 'worklib' ....... Done
	Elaborating the design hierarchy:
ncelab: *W,DSEMEL: This SystemVerilog design will be simulated as per IEEE 1800-2009 SystemVerilog simulation semantics. Use -disable_sem2009 option for turning off SV 2009 simulation semantics.
	Building instance overlay tables: .................... Done
	Generating native compiled code:
		worklib.crss:v <0x1f48ae51>
			streams:  18, words:  5227
		worklib.fsm:v <0x24743485>
			streams:  13, words:  4648
		worklib.mult_signed:v <0x7b7aab79>
			streams:  15, words:  4704
		worklib.mux8to1:v <0x64f01301>
			streams:   1, words:   352
		worklib.testfixture:sv <0x1ad98769>
			streams:  14, words: 21062
		worklib.xyreg_2w2r:v <0x7540da4b>
			streams:  17, words:  9717
	Building instance specific data structures.
	Loading native compiled code:     .................... Done
	Design hierarchy summary:
		                  Instances  Unique
		Modules:                 11       7
		Registers:               42      39
		Scalar wires:             9       -
		Expanded wires:          22       2
		Vectored wires:          85       -
		Always blocks:           23      20
		Initial blocks:           8       8
		Cont. assignments:       49      41
		Pseudo assignments:       3       3
		Simulation timescale:  10ps
	Writing initial simulation snapshot: worklib.testfixture:sv
Loading snapshot worklib.testfixture:sv .................... Done
ncsim: *W,DSEM2009: This SystemVerilog design is simulated as per IEEE 1800-2009 SystemVerilog simulation semantics. Use -disable_sem2009 option for turning off SV 2009 simulation semantics.
*Verdi* Loading libsscore_ius152.so
ncsim> source /usr/cad/cadence/INCISIV/cur/tools/inca/files/ncsimrc
ncsim> run
FSDB Dumper for IUS, Release Verdi_Q-2020.03, Linux, 02/09/2020
(C) 1996 - 2020 by Synopsys, Inc.
*Verdi* FSDB WARNING: The FSDB file already exists. Overwriting the FSDB file may crash the programs that are using this file.
*Verdi* : Create FSDB file 'geofence.fsdb'
*Verdi* : Begin traversing the scopes, layer (0).
*Verdi* : End of traversing.
*Verdi* : Begin traversing the MDAs, layer (0).
*Verdi* : Enable +mda and +packedmda dumping.
*Verdi* : End of traversing the MDAs.
----------------------
-- Simulation Start --
----------------------
Scenario1(in):     X     Y
        Object:   220,  320
           AP1:   103,  340
           AP2:   755,  510
           AP3:   103,   50
           AP4:   982,  280
           AP5:   298,  560
           AP6:   710,   50
Object1: Golde/Return => 1/1, PASS

Scenario2(out):    X     Y
        Object:   220,  720
           AP1:   298,  560
           AP2:   103,   50
           AP3:   103,  340
           AP4:   710,   50
           AP5:   755,  510
           AP6:   982,  280
Object2: Golde/Return => 0/0, PASS

Scenario3(out):    X     Y
        Object:   140,  160
           AP1:   400,   80
           AP2:   300,  800
           AP3:   980,  120
           AP4:   710,  620
           AP5:   103,  500
           AP6:   130,  210
Object3: Golde/Return => 0/0, PASS

Scenario4(in):     X     Y
        Object:   140,  160
           AP1:   298,  560
           AP2:   755,  510
           AP3:   103,   50
           AP4:   710,   50
           AP5:   982,  280
           AP6:   103,  340
Object4: Golde/Return => 1/1, PASS

Scenario5(in):     X     Y
        Object:   410,  510
           AP1:   755,  510
           AP2:   982,  280
           AP3:   298,  560
           AP4:   710,   50
           AP5:   103,   50
           AP6:   103,  340
Object5: Golde/Return => 1/1, PASS

Scenario6(out):    X     Y
        Object:    20,  625
           AP1:   755,  510
           AP2:   103,  340
           AP3:   710,   50
           AP4:   982,  280
           AP5:   298,  560
           AP6:   103,   50
Object6: Golde/Return => 0/0, PASS

Scenario7(out):    X     Y
        Object:   850,  100
           AP1:   103,   50
           AP2:   710,   50
           AP3:   298,  560
           AP4:   755,  510
           AP5:   982,  280
           AP6:   103,  340
Object7: Golde/Return => 0/0, PASS

Scenario8(out):    X     Y
        Object:    20,  625
           AP1:   300,  800
           AP2:   710,  620
           AP3:   400,   80
           AP4:   103,  500
           AP5:   130,  210
           AP6:   980,  120
Object8: Golde/Return => 0/0, PASS

Scenario9(in):     X     Y
        Object:   341,  996
           AP1:   302,  423
           AP2:   503,  521
           AP3:   694,  768
           AP4:    10,  664
           AP5:    43, 1003
           AP6:   694, 1023
Object9: Golde/Return => 1/1, PASS

Scenario10(out):    X     Y
        Object:  1021,  680
           AP1:   710,  620
           AP2:   980,  120
           AP3:   130,  210
           AP4:   400,   80
           AP5:   103,  500
           AP6:   300,  800
Object10: Golde/Return => 0/0, PASS

Scenario11(in):     X     Y
        Object:   152,  700
           AP1:   302,  423
           AP2:   694,  768
           AP3:   694, 1023
           AP4:   503,  521
           AP5:    43, 1003
           AP6:    10,  664
Object11: Golde/Return => 1/1, PASS

Scenario12(in):     X     Y
        Object:   500,  675
           AP1:   980,  120
           AP2:   710,  620
           AP3:   103,  500
           AP4:   130,  210
           AP5:   300,  800
           AP6:   400,   80
Object12: Golde/Return => 1/1, PASS

Scenario13(out):    X     Y
        Object:   632,  635
           AP1:   694, 1023
           AP2:    10,  664
           AP3:   503,  521
           AP4:   694,  768
           AP5:   302,  423
           AP6:    43, 1003
Object13: Golde/Return => 0/0, PASS

Scenario14(in):     X     Y
        Object:   336,  492
           AP1:   321,  870
           AP2:  1010,  643
           AP3:   321,  127
           AP4:   432,  123
           AP5:   567, 1003
           AP6:   970,  280
Object14: Golde/Return => 1/1, PASS

Scenario15(out):    X     Y
        Object:   420,  710
           AP1:   755,  510
           AP2:   103,   50
           AP3:   103,  340
           AP4:   298,  560
           AP5:   982,  280
           AP6:   710,   50
Object15: Golde/Return => 0/0, PASS

Scenario16(out):    X     Y
        Object:   898,  992
           AP1:   300,  800
           AP2:   980,  120
           AP3:   130,  210
           AP4:   400,   80
           AP5:   103,  500
           AP6:   710,  620
Object16: Golde/Return => 0/0, PASS

Scenario17(out):    X     Y
        Object:   872,  343
           AP1:   103,  500
           AP2:   130,  210
           AP3:   400,   80
           AP4:   710,  620
           AP5:   980,  120
           AP6:   300,  800
Object17: Golde/Return => 0/0, PASS

Scenario18(in):     X     Y
        Object:   500,  675
           AP1:   503,  521
           AP2:   694,  768
           AP3:   694, 1023
           AP4:    43, 1003
           AP5:    10,  664
           AP6:   302,  423
Object18: Golde/Return => 1/1, PASS

Scenario19(in):     X     Y
        Object:   623,  870
           AP1:    43, 1003
           AP2:   302,  423
           AP3:    10,  664
           AP4:   694, 1023
           AP5:   694,  768
           AP6:   503,  521
Object19: Golde/Return => 1/1, PASS

Scenario20(in):     X     Y
        Object:   220,  320
           AP1:   980,  120
           AP2:   103,  500
           AP3:   710,  620
           AP4:   130,  210
           AP5:   300,  800
           AP6:   400,   80
Object20: Golde/Return => 1/1, PASS

Scenario21(out):    X     Y
        Object:   400,  957
           AP1:   432,  123
           AP2:   321,  127
           AP3:   567, 1003
           AP4:   321,  870
           AP5:   970,  280
           AP6:  1010,  643
Object21: Golde/Return => 0/0, PASS

Scenario22(in):     X     Y
        Object:   872,  225
           AP1:   710,   50
           AP2:   103,  340
           AP3:   982,  280
           AP4:   755,  510
           AP5:   298,  560
           AP6:   103,   50
Object22: Golde/Return => 1/1, PASS

Scenario23(in):     X     Y
        Object:   400,  210
           AP1:   982,  280
           AP2:   103,   50
           AP3:   755,  510
           AP4:   710,   50
           AP5:   103,  340
           AP6:   298,  560
Object23: Golde/Return => 1/1, PASS

Scenario24(in):     X     Y
        Object:   300,  492
           AP1:   503,  521
           AP2:    43, 1003
           AP3:   302,  423
           AP4:    10,  664
           AP5:   694, 1023
           AP6:   694,  768
Object24: Golde/Return => 1/1, PASS

Scenario25(out):    X     Y
        Object:   782,  926
           AP1:   321,  127
           AP2:   567, 1003
           AP3:   970,  280
           AP4:  1010,  643
           AP5:   432,  123
           AP6:   321,  870
Object25: Golde/Return => 0/0, PASS

Scenario26(in):     X     Y
        Object:   623,  870
           AP1:   970,  280
           AP2:   432,  123
           AP3:  1010,  643
           AP4:   321,  127
           AP5:   321,  870
           AP6:   567, 1003
Object26: Golde/Return => 1/1, PASS

Scenario27(out):    X     Y
        Object:   500,  800
           AP1:   755,  510
           AP2:   103,   50
           AP3:   982,  280
           AP4:   710,   50
           AP5:   103,  340
           AP6:   298,  560
Object27: Golde/Return => 0/0, PASS

Scenario28(out):    X     Y
        Object:    20,  625
           AP1:   503,  521
           AP2:   302,  423
           AP3:   694, 1023
           AP4:    10,  664
           AP5:    43, 1003
           AP6:   694,  768
Object28: Golde/Return => 0/0, PASS

Scenario29(out):    X     Y
        Object:   220,  620
           AP1:   567, 1003
           AP2:   970,  280
           AP3:   321,  870
           AP4:   432,  123
           AP5:  1010,  643
           AP6:   321,  127
Object29: Golde/Return => 0/0, PASS

Scenario30(in):     X     Y
        Object:   872,  343
           AP1:   103,  340
           AP2:   710,   50
           AP3:   103,   50
           AP4:   298,  560
           AP5:   755,  510
           AP6:   982,  280
Object30: Golde/Return => 1/1, PASS

Scenario31(out):    X     Y
        Object:   100,  100
           AP1:   503,  521
           AP2:   694, 1023
           AP3:    10,  664
           AP4:    43, 1003
           AP5:   694,  768
           AP6:   302,  423
Object31: Golde/Return => 0/0, PASS

Scenario32(out):    X     Y
        Object:   973,  768
           AP1:   694, 1023
           AP2:    10,  664
           AP3:   503,  521
           AP4:    43, 1003
           AP5:   302,  423
           AP6:   694,  768
Object32: Golde/Return => 0/0, PASS

Scenario33(in):     X     Y
        Object:   632,  635
           AP1:   321,  870
           AP2:  1010,  643
           AP3:   567, 1003
           AP4:   970,  280
           AP5:   321,  127
           AP6:   432,  123
Object33: Golde/Return => 1/1, PASS

Scenario34(in):     X     Y
        Object:   410,  510
           AP1:   103,  500
           AP2:   400,   80
           AP3:   130,  210
           AP4:   710,  620
           AP5:   980,  120
           AP6:   300,  800
Object34: Golde/Return => 1/1, PASS

Scenario35(in):     X     Y
        Object:   220,  620
           AP1:   503,  521
           AP2:    43, 1003
           AP3:   694, 1023
           AP4:    10,  664
           AP5:   694,  768
           AP6:   302,  423
Object35: Golde/Return => 1/1, PASS

Scenario36(out):    X     Y
        Object:  1021,   50
           AP1:   103,   50
           AP2:   298,  560
           AP3:   710,   50
           AP4:   103,  340
           AP5:   982,  280
           AP6:   755,  510
Object36: Golde/Return => 0/0, PASS

Scenario37(out):    X     Y
        Object:   782,  926
           AP1:    10,  664
           AP2:   694,  768
           AP3:    43, 1003
           AP4:   694, 1023
           AP5:   302,  423
           AP6:   503,  521
Object37: Golde/Return => 0/0, PASS

Scenario38(out):    X     Y
        Object:   300,  910
           AP1:   400,   80
           AP2:   300,  800
           AP3:   103,  500
           AP4:   980,  120
           AP5:   130,  210
           AP6:   710,  620
Object38: Golde/Return => 0/0, PASS

Scenario39(in):     X     Y
        Object:   641,  220
           AP1:   321,  870
           AP2:   567, 1003
           AP3:   321,  127
           AP4:   432,  123
           AP5:   970,  280
           AP6:  1010,  643
Object39: Golde/Return => 1/1, PASS

Scenario40(in):     X     Y
        Object:   872,  225
           AP1:   400,   80
           AP2:   103,  500
           AP3:   710,  620
           AP4:   130,  210
           AP5:   300,  800
           AP6:   980,  120
Object40: Golde/Return => 1/1, PASS

Scenario41(out):    X     Y
        Object:   645,  166
           AP1:   970,  280
           AP2:   321,  870
           AP3:   432,  123
           AP4:   321,  127
           AP5:  1010,  643
           AP6:   567, 1003
Object41: Golde/Return => 0/0, PASS

Scenario42(out):    X     Y
        Object:   973,  799
           AP1:   321,  127
           AP2:   321,  870
           AP3:   970,  280
           AP4:   567, 1003
           AP5:   432,  123
           AP6:  1010,  643
Object42: Golde/Return => 0/0, PASS

Scenario43(in):     X     Y
        Object:   792,  499
           AP1:   567, 1003
           AP2:   321,  127
           AP3:  1010,  643
           AP4:   321,  870
           AP5:   432,  123
           AP6:   970,  280
Object43: Golde/Return => 1/1, PASS

Scenario44(in):     X     Y
        Object:   400,  210
           AP1:   710,  620
           AP2:   130,  210
           AP3:   300,  800
           AP4:   103,  500
           AP5:   400,   80
           AP6:   980,  120
Object44: Golde/Return => 1/1, PASS

Scenario45(out):    X     Y
        Object:   645,  100
           AP1:    10,  664
           AP2:   694, 1023
           AP3:   503,  521
           AP4:   694,  768
           AP5:   302,  423
           AP6:    43, 1003
Object45: Golde/Return => 0/0, PASS

Scenario46(out):    X     Y
        Object:   220,  720
           AP1:   980,  120
           AP2:   710,  620
           AP3:   300,  800
           AP4:   103,  500
           AP5:   130,  210
           AP6:   400,   80
Object46: Golde/Return => 0/0, PASS

Scenario47(out):    X     Y
        Object:   130,   80
           AP1:   103,  500
           AP2:   300,  800
           AP3:   400,   80
           AP4:   130,  210
           AP5:   710,  620
           AP6:   980,  120
Object47: Golde/Return => 0/0, PASS

Scenario48(in):     X     Y
        Object:   500,  675
           AP1:   321,  870
           AP2:  1010,  643
           AP3:   321,  127
           AP4:   567, 1003
           AP5:   432,  123
           AP6:   970,  280
Object48: Golde/Return => 1/1, PASS

Scenario49(out):    X     Y
        Object:   100,  100
           AP1:   567, 1003
           AP2:  1010,  643
           AP3:   321,  127
           AP4:   432,  123
           AP5:   321,  870
           AP6:   970,  280
Object49: Golde/Return => 0/0, PASS

Scenario50(out):    X     Y
        Object:   321, 1000
           AP1:   321,  870
           AP2:   432,  123
           AP3:   970,  280
           AP4:   567, 1003
           AP5:   321,  127
           AP6:  1010,  643
Object50: Golde/Return => 0/0, PASS

-------------------------------------------------
--    Simulation finish,  ALL PASS             --
-------------------------------------------------
Simulation complete via $finish(1) at time 35352800 PS + 0
./tb.sv:144              $finish;
ncsim> exit
TOOL:	ncverilog	15.20-s039: Exiting on Jul 29, 2022 at 11:07:34 CST  (total: 00:00:03)
